[DEBUG][22-01-24][druid.sql.Connection]{conn-10001,procId-1} connected
[DEBUG][22-01-24][druid.sql.Connection]{conn-10001} pool-connect
[DEBUG][22-01-24][druid.sql.Statement]{conn-10001, stmt-20000} created
[DEBUG][22-01-24][druid.sql.Statement]{conn-10001, stmt-20000, rs-50000} query executed. 193.3666 millis. select * from user
[DEBUG][22-01-24][druid.sql.ResultSet]{conn-10001, stmt-20000, rs-50000} open
[DEBUG][22-01-24][druid.sql.ResultSet]{conn-10001, stmt-20000, rs-50000} Header: [id, username, password]
[DEBUG][22-01-24][druid.sql.ResultSet]{conn-10001, stmt-20000, rs-50000} Result: [1, admin, admin]
[DEBUG][22-01-24][druid.sql.ResultSet]{conn-10001, stmt-20000, rs-50000} closed
[DEBUG][22-01-24][druid.sql.Statement]{conn-10001, stmt-20000} closed
[DEBUG][22-01-24][druid.sql.Connection]{conn-10001} pool-recycle
[DEBUG][22-01-24][druid.sql.Connection]{conn-10001} closed
[DEBUG][22-01-24][druid.sql.Connection]{conn-10001,procId-5} connected
[DEBUG][22-01-24][druid.sql.Connection]{conn-10002,procId-6} connected
[DEBUG][22-01-24][druid.sql.Connection]{conn-10003,procId-7} connected
[DEBUG][22-01-24][druid.sql.Connection]{conn-10004,procId-8} connected
[DEBUG][22-01-24][druid.sql.Connection]{conn-10005,procId-9} connected
[DEBUG][22-01-24][druid.sql.Connection]{conn-10005} pool-connect
[DEBUG][22-01-24][druid.sql.Statement]{conn-10005, pstmt-20000} created. select * from mybatis.user
[DEBUG][22-01-24][druid.sql.Statement]{conn-10005, pstmt-20000} Parameters : []
[DEBUG][22-01-24][druid.sql.Statement]{conn-10005, pstmt-20000} Types : []
[DEBUG][22-01-24][druid.sql.Statement]{conn-10005, pstmt-20000} executed. 8.9688 millis. select * from mybatis.user
[DEBUG][22-01-24][druid.sql.ResultSet]{conn-10005, pstmt-20000, rs-50000} open
[DEBUG][22-01-24][druid.sql.ResultSet]{conn-10005, pstmt-20000, rs-50000} Header: [id, name, pwd]
[DEBUG][22-01-24][druid.sql.ResultSet]{conn-10005, pstmt-20000, rs-50000} Result: [1, 狂神, 123456]
[DEBUG][22-01-24][druid.sql.ResultSet]{conn-10005, pstmt-20000, rs-50000} Result: [2, 张三, 123456]
[DEBUG][22-01-24][druid.sql.ResultSet]{conn-10005, pstmt-20000, rs-50000} Result: [3, 李四, 123456]
[DEBUG][22-01-24][druid.sql.ResultSet]{conn-10005, pstmt-20000, rs-50000} Result: [4, 李五, 123123]
[DEBUG][22-01-24][druid.sql.ResultSet]{conn-10005, pstmt-20000, rs-50000} Result: [5, 小明, 123456]
[DEBUG][22-01-24][druid.sql.ResultSet]{conn-10005, pstmt-20000, rs-50000} closed
[DEBUG][22-01-24][druid.sql.Statement]{conn-10005, pstmt-20000} clearParameters. 
[DEBUG][22-01-24][druid.sql.Connection]{conn-10005} pool-recycle
[DEBUG][22-01-24][druid.sql.Connection]{conn-10001} closed
[DEBUG][22-01-24][druid.sql.Connection]{conn-10002} closed
[DEBUG][22-01-24][druid.sql.Connection]{conn-10003} closed
[DEBUG][22-01-24][druid.sql.Connection]{conn-10004} closed
[DEBUG][22-01-24][druid.sql.Statement]{conn-10005, pstmt-20000} closed
[DEBUG][22-01-24][druid.sql.Connection]{conn-10005} closed
[DEBUG][22-01-24][druid.sql.Connection]{conn-10001,procId-10} connected
[DEBUG][22-01-24][druid.sql.Connection]{conn-10002,procId-11} connected
[DEBUG][22-01-24][druid.sql.Connection]{conn-10003,procId-12} connected
[DEBUG][22-01-24][druid.sql.Connection]{conn-10004,procId-13} connected
[DEBUG][22-01-24][druid.sql.Connection]{conn-10005,procId-14} connected
[DEBUG][22-01-24][druid.sql.Connection]{conn-10005} pool-connect
[DEBUG][22-01-24][druid.sql.Statement]{conn-10005, pstmt-20000} created. select * from its.user
[DEBUG][22-01-24][druid.sql.Statement]{conn-10005, pstmt-20000} Parameters : []
[DEBUG][22-01-24][druid.sql.Statement]{conn-10005, pstmt-20000} Types : []
[DEBUG][22-01-24][druid.sql.Statement]{conn-10005, pstmt-20000} executed. 9.1573 millis. select * from its.user
[DEBUG][22-01-24][druid.sql.ResultSet]{conn-10005, pstmt-20000, rs-50000} open
[DEBUG][22-01-24][druid.sql.ResultSet]{conn-10005, pstmt-20000, rs-50000} Header: [id, username, password]
[DEBUG][22-01-24][druid.sql.ResultSet]{conn-10005, pstmt-20000, rs-50000} Result: [1, admin, admin]
[DEBUG][22-01-24][druid.sql.ResultSet]{conn-10005, pstmt-20000, rs-50000} closed
[DEBUG][22-01-24][druid.sql.Statement]{conn-10005, pstmt-20000} clearParameters. 
[DEBUG][22-01-24][druid.sql.Connection]{conn-10005} pool-recycle
[DEBUG][22-01-24][druid.sql.Connection]{conn-10005} pool-connect
[DEBUG][22-01-24][druid.sql.Statement]{conn-10005, pstmt-20000} Parameters : []
[DEBUG][22-01-24][druid.sql.Statement]{conn-10005, pstmt-20000} Types : []
[DEBUG][22-01-24][druid.sql.Statement]{conn-10005, pstmt-20000} executed. 0.8559 millis. select * from its.user
[DEBUG][22-01-24][druid.sql.ResultSet]{conn-10005, pstmt-20000, rs-50001} open
[DEBUG][22-01-24][druid.sql.ResultSet]{conn-10005, pstmt-20000, rs-50001} Header: [id, username, password]
[DEBUG][22-01-24][druid.sql.ResultSet]{conn-10005, pstmt-20000, rs-50001} Result: [1, admin, admin]
[DEBUG][22-01-24][druid.sql.ResultSet]{conn-10005, pstmt-20000, rs-50001} closed
[DEBUG][22-01-24][druid.sql.Statement]{conn-10005, pstmt-20000} clearParameters. 
[DEBUG][22-01-24][druid.sql.Connection]{conn-10005} pool-recycle
